<?xml version="1.0" encoding="UTF-8"?>
<testsuite xmlns:xsi="http://www.w3.org/2001/XMLSchema-instance" xsi:noNamespaceSchemaLocation="https://maven.apache.org/surefire/maven-surefire-plugin/xsd/surefire-test-report.xsd" name="ProfilePageTest" time="96.261" tests="3" errors="3" skipped="0" failures="0">
  <properties>
[...]
</properties>
  <testcase name="goingToConstructorPageByLogoButtonClick" classname="ProfilePageTest" time="39.665">
    <error message="no such element: Unable to locate element: {&quot;method&quot;:&quot;css selector&quot;,&quot;selector&quot;:&quot;.AppHeader_header__logo__2D0X2&quot;}&#10;  (Session info: chrome=116.0.5845.933)&#10;For documentation on this error, please visit: https://selenium.dev/exceptions/#no_such_element&#10;Build info: version: &apos;4.9.1&apos;, revision: &apos;eb2032df7f&apos;&#10;System info: os.name: &apos;Windows 10&apos;, os.arch: &apos;amd64&apos;, os.version: &apos;10.0&apos;, java.version: &apos;11.0.18&apos;&#10;Driver info: org.openqa.selenium.chrome.ChromeDriver&#10;Command: [2092410e6d96168cebda9f72f6708668, findElement {using=class name, value=AppHeader_header__logo__2D0X2}]&#10;Capabilities {acceptInsecureCerts: false, browserName: chrome, browserVersion: 116.0.5845.933, chrome: {chromedriverVersion: 116.0.5845.96 (1a3918166880..., userDataDir: C:\Users\pilig\AppData\Loca...}, fedcm:accounts: true, goog:chromeOptions: {debuggerAddress: localhost:62815}, networkConnectionEnabled: false, pageLoadStrategy: normal, platformName: windows, proxy: Proxy(), se:cdp: ws://localhost:62815/devtoo..., se:cdpVersion: 116.0.5845.933, setWindowRect: true, strictFileInteractability: false, timeouts: {implicit: 0, pageLoad: 300000, script: 30000}, unhandledPromptBehavior: dismiss and notify, webauthn:extension:credBlob: true, webauthn:extension:largeBlob: true, webauthn:extension:minPinLength: true, webauthn:extension:prf: true, webauthn:virtualAuthenticators: true}&#10;Session ID: 2092410e6d96168cebda9f72f6708668" type="org.openqa.selenium.NoSuchElementException">org.openqa.selenium.NoSuchElementException: 
no such element: Unable to locate element: {"method":"css selector","selector":".AppHeader_header__logo__2D0X2"}
  (Session info: chrome=116.0.5845.933)
For documentation on this error, please visit: https://selenium.dev/exceptions/#no_such_element
Build info: version: '4.9.1', revision: 'eb2032df7f'
System info: os.name: 'Windows 10', os.arch: 'amd64', os.version: '10.0', java.version: '11.0.18'
Driver info: org.openqa.selenium.chrome.ChromeDriver
Command: [2092410e6d96168cebda9f72f6708668, findElement {using=class name, value=AppHeader_header__logo__2D0X2}]
Capabilities {acceptInsecureCerts: false, browserName: chrome, browserVersion: 116.0.5845.933, chrome: {chromedriverVersion: 116.0.5845.96 (1a3918166880..., userDataDir: C:\Users\pilig\AppData\Loca...}, fedcm:accounts: true, goog:chromeOptions: {debuggerAddress: localhost:62815}, networkConnectionEnabled: false, pageLoadStrategy: normal, platformName: windows, proxy: Proxy(), se:cdp: ws://localhost:62815/devtoo..., se:cdpVersion: 116.0.5845.933, setWindowRect: true, strictFileInteractability: false, timeouts: {implicit: 0, pageLoad: 300000, script: 30000}, unhandledPromptBehavior: dismiss and notify, webauthn:extension:credBlob: true, webauthn:extension:largeBlob: true, webauthn:extension:minPinLength: true, webauthn:extension:prf: true, webauthn:virtualAuthenticators: true}
Session ID: 2092410e6d96168cebda9f72f6708668
	at ProfilePageTest.goingToConstructorPageByLogoButtonClick(ProfilePageTest.java:48)
</error>
    <system-out><![CDATA[Request method:	POST
Request URI:	https://stellarburgers.nomoreparties.site/api/auth/register
Proxy:			<none>
Request params:	<none>
Query params:	<none>
Form params:	<none>
Path params:	<none>
Headers:		Accept=*/*
				Content-Type=application/json
Cookies:		<none>
Multiparts:		<none>
Body:
{
    "email": "gBGMOl@gmail.com",
    "password": "Hf7XXlJ1d",
    "name": "vLEUWl"
}
HTTP/1.1 200 OK
Date: Sun, 05 Nov 2023 17:09:06 GMT
Content-Type: application/json; charset=utf-8
Transfer-Encoding: chunked
Connection: keep-alive
X-Powered-By: Express
Access-Control-Allow-Origin: *
authorization: Bearer eyJhbGciOiJIUzI1NiIsInR5cCI6IkpXVCJ9.eyJpZCI6IjY1NDdjYzMyOWVkMjgwMDAxYjM3YzRjYiIsImlhdCI6MTY5OTIwNDE0NiwiZXhwIjoxNjk5MjA1MzQ2fQ.u23fytCbMT-gwbPGxyEHJ2B3ocgx9XVj7F6QXKqHjJk
ETag: W/"169-R0PAzBufgL/zm5+FO/BIYbT3OEY"
CF-Cache-Status: DYNAMIC
Report-To: {"endpoints":[{"url":"https:\/\/a.nel.cloudflare.com\/report\/v3?s=JklfXwcsghjI6WOR9R%2B3kT2umudq03aBWGGCkUF7S1g8rRVFTnMVJFUxd7Xbodu8SR5mZuy9GdLe%2BvmClbGuv5wZna27ReXOv5SlFSKyAtUbngo%2FdAq3HwOzuP5Nivok0a0PrABhTwCWOyqX5ORGBkk6fXw%3D"}],"group":"cf-nel","max_age":604800}
NEL: {"success_fraction":0,"report_to":"cf-nel","max_age":604800}
Server: cloudflare
CF-RAY: 8216b3da7c001c84-AMS
Content-Encoding: gzip
alt-svc: h3=":443"; ma=86400

{
    "success": true,
    "user": {
        "email": "gbgmol@gmail.com",
        "name": "vLEUWl"
    },
    "accessToken": "Bearer eyJhbGciOiJIUzI1NiIsInR5cCI6IkpXVCJ9.eyJpZCI6IjY1NDdjYzMyOWVkMjgwMDAxYjM3YzRjYiIsImlhdCI6MTY5OTIwNDE0NiwiZXhwIjoxNjk5MjA1MzQ2fQ.u23fytCbMT-gwbPGxyEHJ2B3ocgx9XVj7F6QXKqHjJk",
    "refreshToken": "aaff4266ec1403a2cd06fa26463fa6ec86977b04e9998cfbdf082979ef54380ab8df7a136f8c926b"
}
]]></system-out>
    <system-err><![CDATA[Starting ChromeDriver 116.0.5845.96 (1a391816688002153ef791ffe60d9e899a71a037-refs/branch-heads/5845@{#1382}) on port 4413
Only local connections are allowed.
Please see https://chromedriver.chromium.org/security-considerations for suggestions on keeping ChromeDriver safe.
ChromeDriver was started successfully.
нояб. 05, 2023 8:09:05 PM org.openqa.selenium.devtools.CdpVersionFinder findNearestMatch
WARNING: Unable to find an exact match for CDP version 116, so returning the closest version found: 113
]]></system-err>
  </testcase>
  <testcase name="goingTLoginPageByExitButtonClick" classname="ProfilePageTest" time="46.889">
    <error message="no such element: Unable to locate element: {&quot;method&quot;:&quot;css selector&quot;,&quot;selector&quot;:&quot;.Account_button__14Yp3&quot;}&#10;  (Session info: chrome=116.0.5845.933)&#10;For documentation on this error, please visit: https://selenium.dev/exceptions/#no_such_element&#10;Build info: version: &apos;4.9.1&apos;, revision: &apos;eb2032df7f&apos;&#10;System info: os.name: &apos;Windows 10&apos;, os.arch: &apos;amd64&apos;, os.version: &apos;10.0&apos;, java.version: &apos;11.0.18&apos;&#10;Driver info: org.openqa.selenium.chrome.ChromeDriver&#10;Command: [91bf2968df10d5e341a666fd7b5468e3, findElement {using=class name, value=Account_button__14Yp3}]&#10;Capabilities {acceptInsecureCerts: false, browserName: chrome, browserVersion: 116.0.5845.933, chrome: {chromedriverVersion: 116.0.5845.96 (1a3918166880..., userDataDir: C:\Users\pilig\AppData\Loca...}, fedcm:accounts: true, goog:chromeOptions: {debuggerAddress: localhost:62904}, networkConnectionEnabled: false, pageLoadStrategy: normal, platformName: windows, proxy: Proxy(), se:cdp: ws://localhost:62904/devtoo..., se:cdpVersion: 116.0.5845.933, setWindowRect: true, strictFileInteractability: false, timeouts: {implicit: 0, pageLoad: 300000, script: 30000}, unhandledPromptBehavior: dismiss and notify, webauthn:extension:credBlob: true, webauthn:extension:largeBlob: true, webauthn:extension:minPinLength: true, webauthn:extension:prf: true, webauthn:virtualAuthenticators: true}&#10;Session ID: 91bf2968df10d5e341a666fd7b5468e3" type="org.openqa.selenium.NoSuchElementException">org.openqa.selenium.NoSuchElementException: 
no such element: Unable to locate element: {"method":"css selector","selector":".Account_button__14Yp3"}
  (Session info: chrome=116.0.5845.933)
For documentation on this error, please visit: https://selenium.dev/exceptions/#no_such_element
Build info: version: '4.9.1', revision: 'eb2032df7f'
System info: os.name: 'Windows 10', os.arch: 'amd64', os.version: '10.0', java.version: '11.0.18'
Driver info: org.openqa.selenium.chrome.ChromeDriver
Command: [91bf2968df10d5e341a666fd7b5468e3, findElement {using=class name, value=Account_button__14Yp3}]
Capabilities {acceptInsecureCerts: false, browserName: chrome, browserVersion: 116.0.5845.933, chrome: {chromedriverVersion: 116.0.5845.96 (1a3918166880..., userDataDir: C:\Users\pilig\AppData\Loca...}, fedcm:accounts: true, goog:chromeOptions: {debuggerAddress: localhost:62904}, networkConnectionEnabled: false, pageLoadStrategy: normal, platformName: windows, proxy: Proxy(), se:cdp: ws://localhost:62904/devtoo..., se:cdpVersion: 116.0.5845.933, setWindowRect: true, strictFileInteractability: false, timeouts: {implicit: 0, pageLoad: 300000, script: 30000}, unhandledPromptBehavior: dismiss and notify, webauthn:extension:credBlob: true, webauthn:extension:largeBlob: true, webauthn:extension:minPinLength: true, webauthn:extension:prf: true, webauthn:virtualAuthenticators: true}
Session ID: 91bf2968df10d5e341a666fd7b5468e3
	at ProfilePageTest.goingTLoginPageByExitButtonClick(ProfilePageTest.java:66)
</error>
    <system-out><![CDATA[Request method:	POST
Request URI:	https://stellarburgers.nomoreparties.site/api/auth/register
Proxy:			<none>
Request params:	<none>
Query params:	<none>
Form params:	<none>
Path params:	<none>
Headers:		Accept=*/*
				Content-Type=application/json
Cookies:		<none>
Multiparts:		<none>
Body:
{
    "email": "9qaf1Dc7@gmail.com",
    "password": "lNhs6ht",
    "name": "WB"
}
HTTP/1.1 200 OK
Date: Sun, 05 Nov 2023 17:09:47 GMT
Content-Type: application/json; charset=utf-8
Transfer-Encoding: chunked
Connection: keep-alive
X-Powered-By: Express
Access-Control-Allow-Origin: *
authorization: Bearer eyJhbGciOiJIUzI1NiIsInR5cCI6IkpXVCJ9.eyJpZCI6IjY1NDdjYzViOWVkMjgwMDAxYjM3YzRjZSIsImlhdCI6MTY5OTIwNDE4NywiZXhwIjoxNjk5MjA1Mzg3fQ.jefffD5DHm4DjOtaQJeklLo6JMqesA3NPMQQdDhRrw4
ETag: W/"167-SkmIPEtAUGuv2AaAtQniaAi10HM"
CF-Cache-Status: DYNAMIC
Report-To: {"endpoints":[{"url":"https:\/\/a.nel.cloudflare.com\/report\/v3?s=Lrum30eHT9NeWToPjjgEHA4f03SYh0nx9WLqWdhhA3xfNk3yarYAm%2FdHkeWSgl1gP80%2FqchDp%2BYQ4idTXRUAm9ep%2FBQcB8P48Dv2Vm%2FDSR1BNR%2Fpel9a5J8Aw%2F7NlNwfi46PITB8Q%2FxkCm%2FVeKqoFuqRZtQ%3D"}],"group":"cf-nel","max_age":604800}
NEL: {"success_fraction":0,"report_to":"cf-nel","max_age":604800}
Server: cloudflare
CF-RAY: 8216b4d95e43bbfe-FRA
Content-Encoding: gzip
alt-svc: h3=":443"; ma=86400

{
    "success": true,
    "user": {
        "email": "9qaf1dc7@gmail.com",
        "name": "WB"
    },
    "accessToken": "Bearer eyJhbGciOiJIUzI1NiIsInR5cCI6IkpXVCJ9.eyJpZCI6IjY1NDdjYzViOWVkMjgwMDAxYjM3YzRjZSIsImlhdCI6MTY5OTIwNDE4NywiZXhwIjoxNjk5MjA1Mzg3fQ.jefffD5DHm4DjOtaQJeklLo6JMqesA3NPMQQdDhRrw4",
    "refreshToken": "3b6a589b30416184af24aa3650b56a2c88983e37a656027c582e82591189e8374f90ac48739265b7"
}
]]></system-out>
    <system-err><![CDATA[Starting ChromeDriver 116.0.5845.96 (1a391816688002153ef791ffe60d9e899a71a037-refs/branch-heads/5845@{#1382}) on port 41694
Only local connections are allowed.
Please see https://chromedriver.chromium.org/security-considerations for suggestions on keeping ChromeDriver safe.
ChromeDriver was started successfully.
нояб. 05, 2023 8:09:46 PM org.openqa.selenium.devtools.CdpVersionFinder findNearestMatch
WARNING: Unable to find an exact match for CDP version 116, so returning the closest version found: 113
]]></system-err>
  </testcase>
  <testcase name="goingToConstructorPageByConstructorButtonClick" classname="ProfilePageTest" time="9.683">
    <error message="element click intercepted: Element &lt;button class=&quot;button_button__33qZ0 button_button_type_primary__1O7Bx button_button_size_medium__3zxIa&quot;&gt;...&lt;/button&gt; is not clickable at point (936, 548). Other element would receive the click: &lt;div class=&quot;Modal_modal_overlay__x2ZCr&quot;&gt;&lt;/div&gt;&#10;  (Session info: chrome=116.0.5845.933)&#10;Build info: version: &apos;4.9.1&apos;, revision: &apos;eb2032df7f&apos;&#10;System info: os.name: &apos;Windows 10&apos;, os.arch: &apos;amd64&apos;, os.version: &apos;10.0&apos;, java.version: &apos;11.0.18&apos;&#10;Driver info: org.openqa.selenium.chrome.ChromeDriver&#10;Command: [9ec8742b9c2a7fbc704a0f5e382c77f6, clickElement {id=2963C8265713CD8D2C66499DDE471D01_element_29}]&#10;Capabilities {acceptInsecureCerts: false, browserName: chrome, browserVersion: 116.0.5845.933, chrome: {chromedriverVersion: 116.0.5845.96 (1a3918166880..., userDataDir: C:\Users\pilig\AppData\Loca...}, fedcm:accounts: true, goog:chromeOptions: {debuggerAddress: localhost:63000}, networkConnectionEnabled: false, pageLoadStrategy: normal, platformName: windows, proxy: Proxy(), se:cdp: ws://localhost:63000/devtoo..., se:cdpVersion: 116.0.5845.933, setWindowRect: true, strictFileInteractability: false, timeouts: {implicit: 0, pageLoad: 300000, script: 30000}, unhandledPromptBehavior: dismiss and notify, webauthn:extension:credBlob: true, webauthn:extension:largeBlob: true, webauthn:extension:minPinLength: true, webauthn:extension:prf: true, webauthn:virtualAuthenticators: true}&#10;Element: [[ChromeDriver: chrome on windows (9ec8742b9c2a7fbc704a0f5e382c77f6)] -&gt; xpath: .//form/button]&#10;Session ID: 9ec8742b9c2a7fbc704a0f5e382c77f6" type="org.openqa.selenium.ElementClickInterceptedException"><![CDATA[org.openqa.selenium.ElementClickInterceptedException: 
element click intercepted: Element <button class="button_button__33qZ0 button_button_type_primary__1O7Bx button_button_size_medium__3zxIa">...</button> is not clickable at point (936, 548). Other element would receive the click: <div class="Modal_modal_overlay__x2ZCr"></div>
  (Session info: chrome=116.0.5845.933)
Build info: version: '4.9.1', revision: 'eb2032df7f'
System info: os.name: 'Windows 10', os.arch: 'amd64', os.version: '10.0', java.version: '11.0.18'
Driver info: org.openqa.selenium.chrome.ChromeDriver
Command: [9ec8742b9c2a7fbc704a0f5e382c77f6, clickElement {id=2963C8265713CD8D2C66499DDE471D01_element_29}]
Capabilities {acceptInsecureCerts: false, browserName: chrome, browserVersion: 116.0.5845.933, chrome: {chromedriverVersion: 116.0.5845.96 (1a3918166880..., userDataDir: C:\Users\pilig\AppData\Loca...}, fedcm:accounts: true, goog:chromeOptions: {debuggerAddress: localhost:63000}, networkConnectionEnabled: false, pageLoadStrategy: normal, platformName: windows, proxy: Proxy(), se:cdp: ws://localhost:63000/devtoo..., se:cdpVersion: 116.0.5845.933, setWindowRect: true, strictFileInteractability: false, timeouts: {implicit: 0, pageLoad: 300000, script: 30000}, unhandledPromptBehavior: dismiss and notify, webauthn:extension:credBlob: true, webauthn:extension:largeBlob: true, webauthn:extension:minPinLength: true, webauthn:extension:prf: true, webauthn:virtualAuthenticators: true}
Element: [[ChromeDriver: chrome on windows (9ec8742b9c2a7fbc704a0f5e382c77f6)] -> xpath: .//form/button]
Session ID: 9ec8742b9c2a7fbc704a0f5e382c77f6
	at ProfilePageTest.goingToConstructorPageByConstructorButtonClick(ProfilePageTest.java:23)
]]></error>
    <system-out><![CDATA[Request method:	POST
Request URI:	https://stellarburgers.nomoreparties.site/api/auth/register
Proxy:			<none>
Request params:	<none>
Query params:	<none>
Form params:	<none>
Path params:	<none>
Headers:		Accept=*/*
				Content-Type=application/json
Cookies:		<none>
Multiparts:		<none>
Body:
{
    "email": "dWmDqEPNq@gmail.com",
    "password": "cuJut21",
    "name": "DG"
}
HTTP/1.1 200 OK
Date: Sun, 05 Nov 2023 17:10:33 GMT
Content-Type: application/json; charset=utf-8
Transfer-Encoding: chunked
Connection: keep-alive
X-Powered-By: Express
Access-Control-Allow-Origin: *
authorization: Bearer eyJhbGciOiJIUzI1NiIsInR5cCI6IkpXVCJ9.eyJpZCI6IjY1NDdjYzg5OWVkMjgwMDAxYjM3YzRkNyIsImlhdCI6MTY5OTIwNDIzMywiZXhwIjoxNjk5MjA1NDMzfQ.ROCgCsTY1YDuiXPM5-n7i_l86jCFD8qMv8PQa92cMJE
ETag: W/"168-vDagSgF5s8DrM9vq3cRKrgatcLw"
CF-Cache-Status: DYNAMIC
Report-To: {"endpoints":[{"url":"https:\/\/a.nel.cloudflare.com\/report\/v3?s=gpgLNtnWz2S8HN2eppKAltM94rcraqgMlIq4ZxPtyJ6mYJDFcl2FrW%2F9sDJno1qDQO9af1luF7bQRhGIOMxWnje2HKNmY%2B0aMQUuc6P%2FeE17KCxOgTsxqValKZ5hIWS0jTi0OlOvPygwIGVviGSu6HmQZ7w%3D"}],"group":"cf-nel","max_age":604800}
NEL: {"success_fraction":0,"report_to":"cf-nel","max_age":604800}
Server: cloudflare
CF-RAY: 8216b5f95c224140-LHR
Content-Encoding: gzip
alt-svc: h3=":443"; ma=86400

{
    "success": true,
    "user": {
        "email": "dwmdqepnq@gmail.com",
        "name": "DG"
    },
    "accessToken": "Bearer eyJhbGciOiJIUzI1NiIsInR5cCI6IkpXVCJ9.eyJpZCI6IjY1NDdjYzg5OWVkMjgwMDAxYjM3YzRkNyIsImlhdCI6MTY5OTIwNDIzMywiZXhwIjoxNjk5MjA1NDMzfQ.ROCgCsTY1YDuiXPM5-n7i_l86jCFD8qMv8PQa92cMJE",
    "refreshToken": "e7a0292df3c90654bb7b55a15c33566c9890a31a432a77c41fa8b971382801bf9f91056d79b394d2"
}
]]></system-out>
    <system-err><![CDATA[Starting ChromeDriver 116.0.5845.96 (1a391816688002153ef791ffe60d9e899a71a037-refs/branch-heads/5845@{#1382}) on port 30259
Only local connections are allowed.
Please see https://chromedriver.chromium.org/security-considerations for suggestions on keeping ChromeDriver safe.
ChromeDriver was started successfully.
нояб. 05, 2023 8:10:32 PM org.openqa.selenium.devtools.CdpVersionFinder findNearestMatch
WARNING: Unable to find an exact match for CDP version 116, so returning the closest version found: 113
]]></system-err>
  </testcase>
</testsuite>