<?xml version="1.0" encoding="UTF-8"?>
<testsuite xmlns:xsi="http://www.w3.org/2001/XMLSchema-instance" xsi:noNamespaceSchemaLocation="https://maven.apache.org/surefire/maven-surefire-plugin/xsd/surefire-test-report.xsd" name="ConstructorPageTest" time="108.719" tests="6" errors="1" skipped="0" failures="0">
  <properties>
[...]
</properties>
  <testcase name="SourceActiveTabTest" classname="ConstructorPageTest" time="21.034"/>
  <testcase name="goingToProfilePageByProfileButtonClick" classname="ConstructorPageTest" time="37.857"/>
  <testcase name="BunActiveTabTest" classname="ConstructorPageTest" time="10.188"/>
  <testcase name="FillingActiveTabTest" classname="ConstructorPageTest" time="7.973"/>
  <testcase name="EnterWithProfileButtonClick" classname="ConstructorPageTest" time="22.258"/>
  <testcase name="EnterWithAccountButtonClick" classname="ConstructorPageTest" time="8.7">
    <error message="element click intercepted: Element &lt;button class=&quot;button_button__33qZ0 button_button_type_primary__1O7Bx button_button_size_large__G21Vg&quot;&gt;...&lt;/button&gt; is not clickable at point (1087, 440). Other element would receive the click: &lt;div class=&quot;Modal_modal_overlay__x2ZCr&quot;&gt;&lt;/div&gt;&#10;  (Session info: chrome=116.0.5845.933)&#10;Build info: version: &apos;4.9.1&apos;, revision: &apos;eb2032df7f&apos;&#10;System info: os.name: &apos;Windows 10&apos;, os.arch: &apos;amd64&apos;, os.version: &apos;10.0&apos;, java.version: &apos;11.0.18&apos;&#10;Driver info: org.openqa.selenium.chrome.ChromeDriver&#10;Command: [2e60085f277d6393596387799ddf3562, clickElement {id=5675027AE27AA9105BA127CE99B890EC_element_32}]&#10;Capabilities {acceptInsecureCerts: false, browserName: chrome, browserVersion: 116.0.5845.933, chrome: {chromedriverVersion: 116.0.5845.96 (1a3918166880..., userDataDir: C:\Users\pilig\AppData\Loca...}, fedcm:accounts: true, goog:chromeOptions: {debuggerAddress: localhost:62718}, networkConnectionEnabled: false, pageLoadStrategy: normal, platformName: windows, proxy: Proxy(), se:cdp: ws://localhost:62718/devtoo..., se:cdpVersion: 116.0.5845.933, setWindowRect: true, strictFileInteractability: false, timeouts: {implicit: 0, pageLoad: 300000, script: 30000}, unhandledPromptBehavior: dismiss and notify, webauthn:extension:credBlob: true, webauthn:extension:largeBlob: true, webauthn:extension:minPinLength: true, webauthn:extension:prf: true, webauthn:virtualAuthenticators: true}&#10;Element: [[ChromeDriver: chrome on windows (2e60085f277d6393596387799ddf3562)] -&gt; xpath: .//button[text()=&apos;Войти в аккаунт&apos;]]&#10;Session ID: 2e60085f277d6393596387799ddf3562" type="org.openqa.selenium.ElementClickInterceptedException"><![CDATA[org.openqa.selenium.ElementClickInterceptedException: 
element click intercepted: Element <button class="button_button__33qZ0 button_button_type_primary__1O7Bx button_button_size_large__G21Vg">...</button> is not clickable at point (1087, 440). Other element would receive the click: <div class="Modal_modal_overlay__x2ZCr"></div>
  (Session info: chrome=116.0.5845.933)
Build info: version: '4.9.1', revision: 'eb2032df7f'
System info: os.name: 'Windows 10', os.arch: 'amd64', os.version: '10.0', java.version: '11.0.18'
Driver info: org.openqa.selenium.chrome.ChromeDriver
Command: [2e60085f277d6393596387799ddf3562, clickElement {id=5675027AE27AA9105BA127CE99B890EC_element_32}]
Capabilities {acceptInsecureCerts: false, browserName: chrome, browserVersion: 116.0.5845.933, chrome: {chromedriverVersion: 116.0.5845.96 (1a3918166880..., userDataDir: C:\Users\pilig\AppData\Loca...}, fedcm:accounts: true, goog:chromeOptions: {debuggerAddress: localhost:62718}, networkConnectionEnabled: false, pageLoadStrategy: normal, platformName: windows, proxy: Proxy(), se:cdp: ws://localhost:62718/devtoo..., se:cdpVersion: 116.0.5845.933, setWindowRect: true, strictFileInteractability: false, timeouts: {implicit: 0, pageLoad: 300000, script: 30000}, unhandledPromptBehavior: dismiss and notify, webauthn:extension:credBlob: true, webauthn:extension:largeBlob: true, webauthn:extension:minPinLength: true, webauthn:extension:prf: true, webauthn:virtualAuthenticators: true}
Element: [[ChromeDriver: chrome on windows (2e60085f277d6393596387799ddf3562)] -> xpath: .//button[text()='Войти в аккаунт']]
Session ID: 2e60085f277d6393596387799ddf3562
	at ConstructorPageTest.EnterWithAccountButtonClick(ConstructorPageTest.java:55)
]]></error>
    <system-out><![CDATA[Request method:	POST
Request URI:	https://stellarburgers.nomoreparties.site/api/auth/register
Proxy:			<none>
Request params:	<none>
Query params:	<none>
Form params:	<none>
Path params:	<none>
Headers:		Accept=*/*
				Content-Type=application/json
Cookies:		<none>
Multiparts:		<none>
Body:
{
    "email": "OzMGy@gmail.com",
    "password": "vmybjuo",
    "name": "dqN"
}
HTTP/1.1 200 OK
Date: Sun, 05 Nov 2023 17:08:40 GMT
Content-Type: application/json; charset=utf-8
Transfer-Encoding: chunked
Connection: keep-alive
X-Powered-By: Express
Access-Control-Allow-Origin: *
authorization: Bearer eyJhbGciOiJIUzI1NiIsInR5cCI6IkpXVCJ9.eyJpZCI6IjY1NDdjYzE4OWVkMjgwMDAxYjM3YzRjNCIsImlhdCI6MTY5OTIwNDEyMCwiZXhwIjoxNjk5MjA1MzIwfQ.k0abc2lxFJxc36c57VkIHES3IR6uzWjxrs72NWNeG48
ETag: W/"165-FCxlskXmaUOiEpR5QeqsvqRCimk"
CF-Cache-Status: DYNAMIC
Report-To: {"endpoints":[{"url":"https:\/\/a.nel.cloudflare.com\/report\/v3?s=isTxoLO%2FCZcp5tp92L2inMo8q06kBJaeRRNAcjbkFckPNVDZF0KTGjHlz7z3KplhAG5OedvYV%2FXvExiLkyAeIn1QZOVyKANJj1JFrSWsvIEVpVO0eQXdQmhLYcOh%2BN3JUAh6cVAnVfq%2BNYZhzmCWa5CYOd4%3D"}],"group":"cf-nel","max_age":604800}
NEL: {"success_fraction":0,"report_to":"cf-nel","max_age":604800}
Server: cloudflare
CF-RAY: 8216b33af8491c7b-AMS
Content-Encoding: gzip
alt-svc: h3=":443"; ma=86400

{
    "success": true,
    "user": {
        "email": "ozmgy@gmail.com",
        "name": "dqN"
    },
    "accessToken": "Bearer eyJhbGciOiJIUzI1NiIsInR5cCI6IkpXVCJ9.eyJpZCI6IjY1NDdjYzE4OWVkMjgwMDAxYjM3YzRjNCIsImlhdCI6MTY5OTIwNDEyMCwiZXhwIjoxNjk5MjA1MzIwfQ.k0abc2lxFJxc36c57VkIHES3IR6uzWjxrs72NWNeG48",
    "refreshToken": "eb9ed6366da9fa7afb6a40d3ba65ce6073f4a1c3926888f976e1ffdb825aaf5d1def02b3bfbaf0d4"
}
]]></system-out>
    <system-err><![CDATA[Starting ChromeDriver 116.0.5845.96 (1a391816688002153ef791ffe60d9e899a71a037-refs/branch-heads/5845@{#1382}) on port 5307
Only local connections are allowed.
Please see https://chromedriver.chromium.org/security-considerations for suggestions on keeping ChromeDriver safe.
ChromeDriver was started successfully.
нояб. 05, 2023 8:08:40 PM org.openqa.selenium.devtools.CdpVersionFinder findNearestMatch
WARNING: Unable to find an exact match for CDP version 116, so returning the closest version found: 113
]]></system-err>
  </testcase>
</testsuite>